<?xml version="1.0" encoding="UTF-8"?>
<beans:beans xmlns="http://www.springframework.org/schema/mvc"
    xmlns:xsi="http://www.w3.org/2001/XMLSchema-instance"
    xmlns:beans="http://www.springframework.org/schema/beans"
    xmlns:context="http://www.springframework.org/schema/context"
    xmlns:task="http://www.springframework.org/schema/task"
    xsi:schemaLocation="http://www.springframework.org/schema/beans http://www.springframework.org/schema/beans/spring-beans-3.2.xsd
    http://www.springframework.org/schema/context http://www.springframework.org/schema/context/spring-context.xsd
    http://www.springframework.org/schema/task http://www.springframework.org/schema/task/spring-task-4.0.xsd">
	
	<!-- Root Context: defines shared resources visible to all other web components -->
	<beans:import resource="context-datasource.xml"/>
	<beans:import resource="util-context.xml"/>
	<!-- Service Bean DI -->
	<context:component-scan base-package="com.zenithst.archive,com.zenithst.core, com.zenithst.project">
	<context:exclude-filter expression="org.springframework.stereotype.Controller" type="annotation"/>
	<!-- <context:include-filter expression="org.springframework.stereotype.Service" type="annotation"/> -->
	</context:component-scan>
	
	<task:annotation-driven />
	
	<context:property-placeholder properties-ref="batchconfig" />
	
</beans:beans>
